[debug] [2022-12-11T12:27:24.235Z] ----------------------------------------------------------------------
[debug] [2022-12-11T12:27:24.237Z] Command:       /usr/bin/node /usr/local/bin/firebase deploy --only firestore:rules
[debug] [2022-12-11T12:27:24.237Z] CLI Version:   11.16.1
[debug] [2022-12-11T12:27:24.237Z] Platform:      linux
[debug] [2022-12-11T12:27:24.238Z] Node Version:  v18.7.0
[debug] [2022-12-11T12:27:24.238Z] Time:          Sun Dec 11 2022 18:57:24 GMT+0630 (Myanmar Time)
[debug] [2022-12-11T12:27:24.238Z] ----------------------------------------------------------------------
[debug] 
[debug] [2022-12-11T12:27:24.241Z] >>> [apiv2][query] GET https://firebase-public.firebaseio.com/cli.json [none]
[debug] [2022-12-11T12:27:24.337Z] > command requires scopes: ["email","openid","https://www.googleapis.com/auth/cloudplatformprojects.readonly","https://www.googleapis.com/auth/firebase","https://www.googleapis.com/auth/cloud-platform"]
[debug] [2022-12-11T12:27:24.338Z] > authorizing via signed-in user (hsatmyo@gmail.com)
[debug] [2022-12-11T12:27:24.338Z] [iam] checking project sound-cloud-8888d for permissions ["datastore.indexes.create","datastore.indexes.delete","datastore.indexes.list","datastore.indexes.update","firebase.projects.get"]
[debug] [2022-12-11T12:27:24.340Z] > refreshing access token with scopes: []
[debug] [2022-12-11T12:27:24.342Z] >>> [apiv2][query] POST https://www.googleapis.com/oauth2/v3/token [none]
[debug] [2022-12-11T12:27:24.342Z] >>> [apiv2][body] POST https://www.googleapis.com/oauth2/v3/token [omitted]
[debug] [2022-12-11T12:27:24.904Z] <<< [apiv2][status] POST https://www.googleapis.com/oauth2/v3/token 200
[debug] [2022-12-11T12:27:24.904Z] <<< [apiv2][body] POST https://www.googleapis.com/oauth2/v3/token [omitted]
[debug] [2022-12-11T12:27:24.922Z] >>> [apiv2][query] POST https://cloudresourcemanager.googleapis.com/v1/projects/sound-cloud-8888d:testIamPermissions [none]
[debug] [2022-12-11T12:27:24.923Z] >>> [apiv2][(partial)header] POST https://cloudresourcemanager.googleapis.com/v1/projects/sound-cloud-8888d:testIamPermissions x-goog-quota-user=projects/sound-cloud-8888d
[debug] [2022-12-11T12:27:24.924Z] >>> [apiv2][body] POST https://cloudresourcemanager.googleapis.com/v1/projects/sound-cloud-8888d:testIamPermissions {"permissions":["datastore.indexes.create","datastore.indexes.delete","datastore.indexes.list","datastore.indexes.update","firebase.projects.get"]}
[debug] [2022-12-11T12:27:25.409Z] <<< [apiv2][status] GET https://firebase-public.firebaseio.com/cli.json 200
[debug] [2022-12-11T12:27:25.410Z] <<< [apiv2][body] GET https://firebase-public.firebaseio.com/cli.json {"cloudBuildErrorAfter":1594252800000,"cloudBuildWarnAfter":1590019200000,"defaultNode10After":1594252800000,"minVersion":"3.0.5","node8DeploysDisabledAfter":1613390400000,"node8RuntimeDisabledAfter":1615809600000,"node8WarnAfter":1600128000000}
[debug] [2022-12-11T12:27:26.641Z] <<< [apiv2][status] POST https://cloudresourcemanager.googleapis.com/v1/projects/sound-cloud-8888d:testIamPermissions 200
[debug] [2022-12-11T12:27:26.642Z] <<< [apiv2][body] POST https://cloudresourcemanager.googleapis.com/v1/projects/sound-cloud-8888d:testIamPermissions {"permissions":["datastore.indexes.create","datastore.indexes.delete","datastore.indexes.list","datastore.indexes.update","firebase.projects.get"]}
[info] 
[info] === Deploying to 'sound-cloud-8888d'...
[info] 
[info] i  deploying firestore 
[info] i  cloud.firestore: checking firestore.rules for compilation errors... 
[debug] [2022-12-11T12:27:26.666Z] >>> [apiv2][query] POST https://firebaserules.googleapis.com/v1/projects/sound-cloud-8888d:test [none]
[debug] [2022-12-11T12:27:26.666Z] >>> [apiv2][body] POST https://firebaserules.googleapis.com/v1/projects/sound-cloud-8888d:test [omitted]
